1. Inserir arquivo na fila de impressao
2. Executar impressao
3. Exibir fila de impressao
4. Sair
Digite o nome do arquivo:
Digite a quantidade de paginas:
1. Inserir arquivo na fila de impressao
2. Executar impressao
3. Exibir fila de impressao
4. Sair
Digite o nome do arquivo:
Digite a quantidade de paginas:
1. Inserir arquivo na fila de impressao
2. Executar impressao
3. Exibir fila de impressao
4. Sair
Digite o nome do arquivo:
Digite a quantidade de paginas:
1. Inserir arquivo na fila de impressao
2. Executar impressao
3. Exibir fila de impressao
4. Sair
nome: prova1, numero paginas: 1
nome: prova2, numero paginas: 5
nome: prova3, numero paginas: 2
1. Inserir arquivo na fila de impressao
2. Executar impressao
3. Exibir fila de impressao
4. Sair
1. Inserir arquivo na fila de impressao
2. Executar impressao
3. Exibir fila de impressao
4. Sair
nome: prova2, numero paginas: 5
nome: prova3, numero paginas: 2
1. Inserir arquivo na fila de impressao
2. Executar impressao
3. Exibir fila de impressao
4. Sair
O programa sera encerrado.
